<?xml version="1.0" encoding="UTF-8"?>
<!-- Generated by org.testng.reporters.JUnitXMLReporter -->
<testsuite hostname="FrancisAlappat" ignored="0" name="Default test" tests="3" failures="0" timestamp="2022-02-03T12:41:32 MST" time="44.917" errors="0">
  <testcase name="tc_001_Invoke_the_JRI_Home_page" time="1.697" classname="com.JRI_TestScenarios.TS_001_VerifyTheNewAccountCreation"/>
  <testcase name="tc_002_Verify_the_Create_Newaccount_page_will_display" time="22.714" classname="com.JRI_TestScenarios.TS_001_VerifyTheNewAccountCreation"/>
  <testcase name="tc_007_Verify_Terms_error_message_display" time="13.772" classname="com.JRI_TestScenarios.TS_001_VerifyTheNewAccountCreation"/>
</testsuite> <!-- Default test -->
