<?xml version="1.0" encoding="UTF-8"?>
<testng-results skipped="0" failed="0" ignored="0" total="3" passed="3">
  <reporter-output>
  </reporter-output>
  <suite name="Default suite" duration-ms="44917" started-at="2022-02-03T12:40:47 MST" finished-at="2022-02-03T12:41:32 MST">
    <groups>
    </groups>
    <test name="Default test" duration-ms="44917" started-at="2022-02-03T12:40:47 MST" finished-at="2022-02-03T12:41:32 MST">
      <class name="com.JRI_TestScenarios.TS_001_VerifyTheNewAccountCreation">
        <test-method status="PASS" signature="beforeClass()[pri:0, instance:com.JRI_TestScenarios.TS_001_VerifyTheNewAccountCreation@58a90037]" name="beforeClass" is-config="true" duration-ms="5374" started-at="2022-02-03T12:40:47 MST" finished-at="2022-02-03T12:40:52 MST">
          <reporter-output>
          </reporter-output>
        </test-method> <!-- beforeClass -->
        <test-method status="PASS" signature="tc_001_Invoke_the_JRI_Home_page()[pri:0, instance:com.JRI_TestScenarios.TS_001_VerifyTheNewAccountCreation@58a90037]" name="tc_001_Invoke_the_JRI_Home_page" duration-ms="1697" started-at="2022-02-03T12:40:52 MST" finished-at="2022-02-03T12:40:54 MST">
          <reporter-output>
          </reporter-output>
        </test-method> <!-- tc_001_Invoke_the_JRI_Home_page -->
        <test-method status="PASS" signature="afterMethod(org.testng.ITestResult)[pri:0, instance:com.JRI_TestScenarios.TS_001_VerifyTheNewAccountCreation@58a90037]" name="afterMethod" is-config="true" duration-ms="244" started-at="2022-02-03T12:40:54 MST" finished-at="2022-02-03T12:40:54 MST">
          <params>
            <param index="0">
              <value>
                <![CDATA[[TestResult name=tc_001_Invoke_the_JRI_Home_page status=SUCCESS method=TS_001_VerifyTheNewAccountCreation.tc_001_Invoke_the_JRI_Home_page()[pri:0, instance:com.JRI_TestScenarios.TS_001_VerifyTheNewAccountCreation@58a90037] output={null}]]]>
              </value>
            </param>
          </params>
          <reporter-output>
          </reporter-output>
        </test-method> <!-- afterMethod -->
        <test-method status="PASS" signature="tc_002_Verify_the_Create_Newaccount_page_will_display()[pri:0, instance:com.JRI_TestScenarios.TS_001_VerifyTheNewAccountCreation@58a90037]" name="tc_002_Verify_the_Create_Newaccount_page_will_display" duration-ms="22714" started-at="2022-02-03T12:40:54 MST" finished-at="2022-02-03T12:41:17 MST">
          <reporter-output>
          </reporter-output>
        </test-method> <!-- tc_002_Verify_the_Create_Newaccount_page_will_display -->
        <test-method status="PASS" signature="afterMethod(org.testng.ITestResult)[pri:0, instance:com.JRI_TestScenarios.TS_001_VerifyTheNewAccountCreation@58a90037]" name="afterMethod" is-config="true" duration-ms="159" started-at="2022-02-03T12:41:17 MST" finished-at="2022-02-03T12:41:17 MST">
          <params>
            <param index="0">
              <value>
                <![CDATA[[TestResult name=tc_002_Verify_the_Create_Newaccount_page_will_display status=SUCCESS method=TS_001_VerifyTheNewAccountCreation.tc_002_Verify_the_Create_Newaccount_page_will_display()[pri:0, instance:com.JRI_TestScenarios.TS_001_VerifyTheNewAccountCreation@58a90037] output={null}]]]>
              </value>
            </param>
          </params>
          <reporter-output>
          </reporter-output>
        </test-method> <!-- afterMethod -->
        <test-method status="PASS" signature="tc_007_Verify_Terms_error_message_display()[pri:0, instance:com.JRI_TestScenarios.TS_001_VerifyTheNewAccountCreation@58a90037]" name="tc_007_Verify_Terms_error_message_display" duration-ms="13772" started-at="2022-02-03T12:41:17 MST" finished-at="2022-02-03T12:41:31 MST">
          <reporter-output>
          </reporter-output>
        </test-method> <!-- tc_007_Verify_Terms_error_message_display -->
        <test-method status="PASS" signature="afterMethod(org.testng.ITestResult)[pri:0, instance:com.JRI_TestScenarios.TS_001_VerifyTheNewAccountCreation@58a90037]" name="afterMethod" is-config="true" duration-ms="144" started-at="2022-02-03T12:41:31 MST" finished-at="2022-02-03T12:41:31 MST">
          <params>
            <param index="0">
              <value>
                <![CDATA[[TestResult name=tc_007_Verify_Terms_error_message_display status=SUCCESS method=TS_001_VerifyTheNewAccountCreation.tc_007_Verify_Terms_error_message_display()[pri:0, instance:com.JRI_TestScenarios.TS_001_VerifyTheNewAccountCreation@58a90037] output={null}]]]>
              </value>
            </param>
          </params>
          <reporter-output>
          </reporter-output>
        </test-method> <!-- afterMethod -->
        <test-method status="PASS" signature="afterClass()[pri:0, instance:com.JRI_TestScenarios.TS_001_VerifyTheNewAccountCreation@58a90037]" name="afterClass" is-config="true" duration-ms="744" started-at="2022-02-03T12:41:31 MST" finished-at="2022-02-03T12:41:32 MST">
          <reporter-output>
          </reporter-output>
        </test-method> <!-- afterClass -->
      </class> <!-- com.JRI_TestScenarios.TS_001_VerifyTheNewAccountCreation -->
    </test> <!-- Default test -->
  </suite> <!-- Default suite -->
</testng-results>
